<?xml version="1.0" encoding="UTF-8"?>
<!-- Generated by org.testng.reporters.JUnitXMLReporter -->
<testsuite hostname="Lenovo" ignored="0" name="Default test" tests="4" failures="0" timestamp="06 May 2022 11:40:14 GMT" time="148.008" errors="0">
  <testcase name="loginWithCorrectUserName" time="78.49" classname="loginTestCases.CorrectUserName"/>
  <testcase name="loginWithCorrectUserName" time="26.698" classname="loginTestCases.CorrectUserName"/>
  <testcase name="loginWithCorrectUserName" time="24.484" classname="loginTestCases.CorrectUserName"/>
  <testcase name="loginWithCorrectUserName" time="17.538" classname="loginTestCases.CorrectUserName"/>
</testsuite> <!-- Default test -->
